<?xml version="1.0" encoding="UTF-8"?>
<!-- Generated by org.testng.reporters.JUnitXMLReporter -->
<testsuite ignored="0" hostname="TimJLaptop" failures="0" tests="5" name="Command line test" time="0.025" errors="0" timestamp="02 Aug 2020 17:37:51 GMT">
  <testcase classname="com.tabletennissimulator.AppControllerTest" name="testIsBaseTwo" time="0.005"/>
  <testcase classname="com.tabletennissimulator.TableTennisPlayerTest" name="testGetOverall" time="0.0"/>
  <testcase classname="com.tabletennissimulator.TableTennisPlayerTest" name="testGetPlayerInformation" time="0.002"/>
  <testcase classname="com.tabletennissimulator.TableTennisPlayerTest" name="testHitRating" time="0.001"/>
  <testcase classname="com.tabletennissimulator.AppTest" name="testGetPlayers" time="0.003"/>
</testsuite> <!-- Command line test -->
