<?xml version="1.0" encoding="UTF-8"?>
<!-- Generated by org.testng.reporters.JUnitXMLReporter -->
<testsuite ignored="0" hostname="TimJLaptop" failures="0" tests="5" name="Command line test" time="0.044" errors="0" timestamp="04 Aug 2020 00:08:54 GMT">
  <testcase classname="com.tabletennissimulator.AppControllerTest" name="testIsBaseTwo" time="0.008"/>
  <testcase classname="com.tabletennissimulator.TableTennisPlayerTest" name="testGetOverall" time="0.0"/>
  <testcase classname="com.tabletennissimulator.TableTennisPlayerTest" name="testGetPlayerInformation" time="0.003"/>
  <testcase classname="com.tabletennissimulator.TableTennisPlayerTest" name="testHitRating" time="0.0"/>
  <testcase classname="com.tabletennissimulator.AppTest" name="testGetPlayers" time="0.006"/>
</testsuite> <!-- Command line test -->
