<?xml version="1.0" encoding="UTF-8" ?>
<testsuite tests="5" failures="0" name="TestSuite" time="0.01" errors="0" skipped="0">
  <properties>
[...]
</properties>
  <testcase classname="com.tabletennissimulator.AppControllerTest" name="testIsBaseTwo" time="0.006"/>
  <testcase classname="com.tabletennissimulator.TableTennisPlayerTest" name="testGetOverall" time="0"/>
  <testcase classname="com.tabletennissimulator.TableTennisPlayerTest" name="testGetPlayerInformation" time="0.001"/>
  <testcase classname="com.tabletennissimulator.TableTennisPlayerTest" name="testHitRating" time="0"/>
  <testcase classname="com.tabletennissimulator.AppTest" name="testGetPlayers" time="0.003"/>
</testsuite>